INFO    : PreTeXt-CLI version: 2.6.2

INFO    : PreTeXt project found in `/Users/Remkes/hub/des`.
INFO    : Building target web
INFO    : Preparing to build into /Users/Remkes/hub/des/output/web.
INFO    : discovering source file's directory name: /Users/Remkes/hub/des/source
INFO    : verifying and expanding input directory: /Users/Remkes/hub/des/source/../generated-assets
INFO    : input directory expanded to absolute path: /Users/Remkes/hub/des/generated-assets
INFO    : verifying and expanding input directory: /Users/Remkes/hub/des/source/../assets
INFO    : input directory expanded to absolute path: /Users/Remkes/hub/des/assets
INFO    : Runestone Services (via PreTeXt repository): version 7.3.3
INFO    : Runestone Services (using newer, via online CDN query): version 7.3.7
INFO    : Downloading Runestone Services, version 7.3.7
INFO    : Extracting Runestone Services from archive file
INFO    : converting /Users/Remkes/hub/des/source/main.ptx to HTML in /var/folders/jc/w52bd03s3bl465rw1mxbtk9r0000gr/T/ptx-z_buhtf2
INFO    : XSL conversion of /Users/Remkes/hub/des/source/main.ptx by /Users/Remkes/.ptx/2.6.2/core/xsl/pretext-html.xsl
INFO    : messages from the log for XSL processing:
ERROR   : * PTX:ERROR:   a cross-reference ("xref") uses references [subsection-first-definitions] that do not point to any target, or perhaps point to multiple targets.  Maybe you typed an @xml:id value wrong, maybe the target of the @xml:id is nonexistent, or maybe you temporarily removed the target from your source, or maybe an auxiliary file contains a duplicate.  Your output will contain some placeholder text that you will not want to distribute to your readers.
INFO    : *              located within: "subsection-pessimism" (xml:id), "The Scarcity of Solutions" (title)
INFO    : successful application of /Users/Remkes/.ptx/2.6.2/core/xsl/pretext-html.xsl
INFO    : 
Success! Run `pretext view` to see the results.

INFO    : 
----------------------------------------------------
INFO    : While running pretext, the following errors occurred:

INFO    : (see log messages above or in the 'logs' folder for more information)
INFO    : ----------------------------------------------------
