INFO    : PreTeXt-CLI version: 2.6.2

INFO    : PreTeXt project found in `/Users/rkooistra/hub/des`.
INFO    : Building target print
INFO    : converting Asymptote diagrams from /Users/rkooistra/hub/des/source/main.ptx to PDF graphics for placement in /Users/rkooistra/hub/des/generated-assets/asymptote with method "AsyMethod.SERVER"
INFO    : extracting Asymptote diagrams from /Users/rkooistra/hub/des/source/main.ptx
INFO    : string parameters passed to extraction stylesheet: {'publisher': '/Users/rkooistra/hub/des/publication/publication.ptx'}
INFO    : XSL conversion of /Users/rkooistra/hub/des/source/main.ptx by /Users/rkooistra/.ptx/2.6.2/core/xsl/extract-asymptote.xsl
INFO    : successful application of /Users/rkooistra/.ptx/2.6.2/core/xsl/extract-asymptote.xsl
INFO    : converting /var/folders/2r/8zp7c2rs5717hjrm_rg_xqnr0000gn/T/ptx-d7a2_4v6/figure44.asy to /var/folders/2r/8zp7c2rs5717hjrm_rg_xqnr0000gn/T/ptx-d7a2_4v6/figure44.pdf
INFO    : converting /var/folders/2r/8zp7c2rs5717hjrm_rg_xqnr0000gn/T/ptx-d7a2_4v6/figure50.asy to /var/folders/2r/8zp7c2rs5717hjrm_rg_xqnr0000gn/T/ptx-d7a2_4v6/figure50.pdf
INFO    : converting /var/folders/2r/8zp7c2rs5717hjrm_rg_xqnr0000gn/T/ptx-d7a2_4v6/figure51.asy to /var/folders/2r/8zp7c2rs5717hjrm_rg_xqnr0000gn/T/ptx-d7a2_4v6/figure51.pdf
INFO    : converting /var/folders/2r/8zp7c2rs5717hjrm_rg_xqnr0000gn/T/ptx-d7a2_4v6/figure53.asy to /var/folders/2r/8zp7c2rs5717hjrm_rg_xqnr0000gn/T/ptx-d7a2_4v6/figure53.pdf
INFO    : converting /var/folders/2r/8zp7c2rs5717hjrm_rg_xqnr0000gn/T/ptx-d7a2_4v6/figure47.asy to /var/folders/2r/8zp7c2rs5717hjrm_rg_xqnr0000gn/T/ptx-d7a2_4v6/figure47.pdf
INFO    : converting /var/folders/2r/8zp7c2rs5717hjrm_rg_xqnr0000gn/T/ptx-d7a2_4v6/figure46.asy to /var/folders/2r/8zp7c2rs5717hjrm_rg_xqnr0000gn/T/ptx-d7a2_4v6/figure46.pdf
INFO    : converting /var/folders/2r/8zp7c2rs5717hjrm_rg_xqnr0000gn/T/ptx-d7a2_4v6/figure52.asy to /var/folders/2r/8zp7c2rs5717hjrm_rg_xqnr0000gn/T/ptx-d7a2_4v6/figure52.pdf
INFO    : converting /var/folders/2r/8zp7c2rs5717hjrm_rg_xqnr0000gn/T/ptx-d7a2_4v6/figure56.asy to /var/folders/2r/8zp7c2rs5717hjrm_rg_xqnr0000gn/T/ptx-d7a2_4v6/figure56.pdf
INFO    : converting /var/folders/2r/8zp7c2rs5717hjrm_rg_xqnr0000gn/T/ptx-d7a2_4v6/figure42.asy to /var/folders/2r/8zp7c2rs5717hjrm_rg_xqnr0000gn/T/ptx-d7a2_4v6/figure42.pdf
INFO    : converting /var/folders/2r/8zp7c2rs5717hjrm_rg_xqnr0000gn/T/ptx-d7a2_4v6/figure43.asy to /var/folders/2r/8zp7c2rs5717hjrm_rg_xqnr0000gn/T/ptx-d7a2_4v6/figure43.pdf
INFO    : converting /var/folders/2r/8zp7c2rs5717hjrm_rg_xqnr0000gn/T/ptx-d7a2_4v6/figure57.asy to /var/folders/2r/8zp7c2rs5717hjrm_rg_xqnr0000gn/T/ptx-d7a2_4v6/figure57.pdf
INFO    : converting /var/folders/2r/8zp7c2rs5717hjrm_rg_xqnr0000gn/T/ptx-d7a2_4v6/figure41.asy to /var/folders/2r/8zp7c2rs5717hjrm_rg_xqnr0000gn/T/ptx-d7a2_4v6/figure41.pdf
INFO    : converting /var/folders/2r/8zp7c2rs5717hjrm_rg_xqnr0000gn/T/ptx-d7a2_4v6/figure55.asy to /var/folders/2r/8zp7c2rs5717hjrm_rg_xqnr0000gn/T/ptx-d7a2_4v6/figure55.pdf
INFO    : converting /var/folders/2r/8zp7c2rs5717hjrm_rg_xqnr0000gn/T/ptx-d7a2_4v6/figure54.asy to /var/folders/2r/8zp7c2rs5717hjrm_rg_xqnr0000gn/T/ptx-d7a2_4v6/figure54.pdf
INFO    : converting /var/folders/2r/8zp7c2rs5717hjrm_rg_xqnr0000gn/T/ptx-d7a2_4v6/figure40.asy to /var/folders/2r/8zp7c2rs5717hjrm_rg_xqnr0000gn/T/ptx-d7a2_4v6/figure40.pdf
INFO    : converting /var/folders/2r/8zp7c2rs5717hjrm_rg_xqnr0000gn/T/ptx-d7a2_4v6/figure27.asy to /var/folders/2r/8zp7c2rs5717hjrm_rg_xqnr0000gn/T/ptx-d7a2_4v6/figure27.pdf
INFO    : converting /var/folders/2r/8zp7c2rs5717hjrm_rg_xqnr0000gn/T/ptx-d7a2_4v6/figure33.asy to /var/folders/2r/8zp7c2rs5717hjrm_rg_xqnr0000gn/T/ptx-d7a2_4v6/figure33.pdf
INFO    : converting /var/folders/2r/8zp7c2rs5717hjrm_rg_xqnr0000gn/T/ptx-d7a2_4v6/figure32.asy to /var/folders/2r/8zp7c2rs5717hjrm_rg_xqnr0000gn/T/ptx-d7a2_4v6/figure32.pdf
INFO    : converting /var/folders/2r/8zp7c2rs5717hjrm_rg_xqnr0000gn/T/ptx-d7a2_4v6/figure26.asy to /var/folders/2r/8zp7c2rs5717hjrm_rg_xqnr0000gn/T/ptx-d7a2_4v6/figure26.pdf
INFO    : converting /var/folders/2r/8zp7c2rs5717hjrm_rg_xqnr0000gn/T/ptx-d7a2_4v6/figure18.asy to /var/folders/2r/8zp7c2rs5717hjrm_rg_xqnr0000gn/T/ptx-d7a2_4v6/figure18.pdf
INFO    : converting /var/folders/2r/8zp7c2rs5717hjrm_rg_xqnr0000gn/T/ptx-d7a2_4v6/figure30.asy to /var/folders/2r/8zp7c2rs5717hjrm_rg_xqnr0000gn/T/ptx-d7a2_4v6/figure30.pdf
INFO    : converting /var/folders/2r/8zp7c2rs5717hjrm_rg_xqnr0000gn/T/ptx-d7a2_4v6/figure24.asy to /var/folders/2r/8zp7c2rs5717hjrm_rg_xqnr0000gn/T/ptx-d7a2_4v6/figure24.pdf
INFO    : converting /var/folders/2r/8zp7c2rs5717hjrm_rg_xqnr0000gn/T/ptx-d7a2_4v6/figure25.asy to /var/folders/2r/8zp7c2rs5717hjrm_rg_xqnr0000gn/T/ptx-d7a2_4v6/figure25.pdf
INFO    : converting /var/folders/2r/8zp7c2rs5717hjrm_rg_xqnr0000gn/T/ptx-d7a2_4v6/figure31.asy to /var/folders/2r/8zp7c2rs5717hjrm_rg_xqnr0000gn/T/ptx-d7a2_4v6/figure31.pdf
INFO    : converting /var/folders/2r/8zp7c2rs5717hjrm_rg_xqnr0000gn/T/ptx-d7a2_4v6/figure19.asy to /var/folders/2r/8zp7c2rs5717hjrm_rg_xqnr0000gn/T/ptx-d7a2_4v6/figure19.pdf
INFO    : converting /var/folders/2r/8zp7c2rs5717hjrm_rg_xqnr0000gn/T/ptx-d7a2_4v6/figure35.asy to /var/folders/2r/8zp7c2rs5717hjrm_rg_xqnr0000gn/T/ptx-d7a2_4v6/figure35.pdf
INFO    : converting /var/folders/2r/8zp7c2rs5717hjrm_rg_xqnr0000gn/T/ptx-d7a2_4v6/figure21.asy to /var/folders/2r/8zp7c2rs5717hjrm_rg_xqnr0000gn/T/ptx-d7a2_4v6/figure21.pdf
INFO    : converting /var/folders/2r/8zp7c2rs5717hjrm_rg_xqnr0000gn/T/ptx-d7a2_4v6/figure09.asy to /var/folders/2r/8zp7c2rs5717hjrm_rg_xqnr0000gn/T/ptx-d7a2_4v6/figure09.pdf
INFO    : converting /var/folders/2r/8zp7c2rs5717hjrm_rg_xqnr0000gn/T/ptx-d7a2_4v6/figure08.asy to /var/folders/2r/8zp7c2rs5717hjrm_rg_xqnr0000gn/T/ptx-d7a2_4v6/figure08.pdf
INFO    : converting /var/folders/2r/8zp7c2rs5717hjrm_rg_xqnr0000gn/T/ptx-d7a2_4v6/figure20.asy to /var/folders/2r/8zp7c2rs5717hjrm_rg_xqnr0000gn/T/ptx-d7a2_4v6/figure20.pdf
INFO    : converting /var/folders/2r/8zp7c2rs5717hjrm_rg_xqnr0000gn/T/ptx-d7a2_4v6/figure34.asy to /var/folders/2r/8zp7c2rs5717hjrm_rg_xqnr0000gn/T/ptx-d7a2_4v6/figure34.pdf
INFO    : converting /var/folders/2r/8zp7c2rs5717hjrm_rg_xqnr0000gn/T/ptx-d7a2_4v6/figure22.asy to /var/folders/2r/8zp7c2rs5717hjrm_rg_xqnr0000gn/T/ptx-d7a2_4v6/figure22.pdf
INFO    : converting /var/folders/2r/8zp7c2rs5717hjrm_rg_xqnr0000gn/T/ptx-d7a2_4v6/figure36.asy to /var/folders/2r/8zp7c2rs5717hjrm_rg_xqnr0000gn/T/ptx-d7a2_4v6/figure36.pdf
INFO    : converting /var/folders/2r/8zp7c2rs5717hjrm_rg_xqnr0000gn/T/ptx-d7a2_4v6/figure37.asy to /var/folders/2r/8zp7c2rs5717hjrm_rg_xqnr0000gn/T/ptx-d7a2_4v6/figure37.pdf
INFO    : converting /var/folders/2r/8zp7c2rs5717hjrm_rg_xqnr0000gn/T/ptx-d7a2_4v6/figure23.asy to /var/folders/2r/8zp7c2rs5717hjrm_rg_xqnr0000gn/T/ptx-d7a2_4v6/figure23.pdf
INFO    : converting /var/folders/2r/8zp7c2rs5717hjrm_rg_xqnr0000gn/T/ptx-d7a2_4v6/figure06.asy to /var/folders/2r/8zp7c2rs5717hjrm_rg_xqnr0000gn/T/ptx-d7a2_4v6/figure06.pdf
INFO    : converting /var/folders/2r/8zp7c2rs5717hjrm_rg_xqnr0000gn/T/ptx-d7a2_4v6/figure12.asy to /var/folders/2r/8zp7c2rs5717hjrm_rg_xqnr0000gn/T/ptx-d7a2_4v6/figure12.pdf
INFO    : converting /var/folders/2r/8zp7c2rs5717hjrm_rg_xqnr0000gn/T/ptx-d7a2_4v6/figure13.asy to /var/folders/2r/8zp7c2rs5717hjrm_rg_xqnr0000gn/T/ptx-d7a2_4v6/figure13.pdf
INFO    : converting /var/folders/2r/8zp7c2rs5717hjrm_rg_xqnr0000gn/T/ptx-d7a2_4v6/figure07.asy to /var/folders/2r/8zp7c2rs5717hjrm_rg_xqnr0000gn/T/ptx-d7a2_4v6/figure07.pdf
INFO    : converting /var/folders/2r/8zp7c2rs5717hjrm_rg_xqnr0000gn/T/ptx-d7a2_4v6/figure39.asy to /var/folders/2r/8zp7c2rs5717hjrm_rg_xqnr0000gn/T/ptx-d7a2_4v6/figure39.pdf
INFO    : converting /var/folders/2r/8zp7c2rs5717hjrm_rg_xqnr0000gn/T/ptx-d7a2_4v6/figure11.asy to /var/folders/2r/8zp7c2rs5717hjrm_rg_xqnr0000gn/T/ptx-d7a2_4v6/figure11.pdf
INFO    : converting /var/folders/2r/8zp7c2rs5717hjrm_rg_xqnr0000gn/T/ptx-d7a2_4v6/figure05.asy to /var/folders/2r/8zp7c2rs5717hjrm_rg_xqnr0000gn/T/ptx-d7a2_4v6/figure05.pdf
INFO    : converting /var/folders/2r/8zp7c2rs5717hjrm_rg_xqnr0000gn/T/ptx-d7a2_4v6/figure04.asy to /var/folders/2r/8zp7c2rs5717hjrm_rg_xqnr0000gn/T/ptx-d7a2_4v6/figure04.pdf
INFO    : converting /var/folders/2r/8zp7c2rs5717hjrm_rg_xqnr0000gn/T/ptx-d7a2_4v6/figure10.asy to /var/folders/2r/8zp7c2rs5717hjrm_rg_xqnr0000gn/T/ptx-d7a2_4v6/figure10.pdf
INFO    : converting /var/folders/2r/8zp7c2rs5717hjrm_rg_xqnr0000gn/T/ptx-d7a2_4v6/figure38.asy to /var/folders/2r/8zp7c2rs5717hjrm_rg_xqnr0000gn/T/ptx-d7a2_4v6/figure38.pdf
INFO    : converting /var/folders/2r/8zp7c2rs5717hjrm_rg_xqnr0000gn/T/ptx-d7a2_4v6/figure14.asy to /var/folders/2r/8zp7c2rs5717hjrm_rg_xqnr0000gn/T/ptx-d7a2_4v6/figure14.pdf
INFO    : converting /var/folders/2r/8zp7c2rs5717hjrm_rg_xqnr0000gn/T/ptx-d7a2_4v6/figure29.asy to /var/folders/2r/8zp7c2rs5717hjrm_rg_xqnr0000gn/T/ptx-d7a2_4v6/figure29.pdf
INFO    : converting /var/folders/2r/8zp7c2rs5717hjrm_rg_xqnr0000gn/T/ptx-d7a2_4v6/figure01.asy to /var/folders/2r/8zp7c2rs5717hjrm_rg_xqnr0000gn/T/ptx-d7a2_4v6/figure01.pdf
INFO    : converting /var/folders/2r/8zp7c2rs5717hjrm_rg_xqnr0000gn/T/ptx-d7a2_4v6/figure15.asy to /var/folders/2r/8zp7c2rs5717hjrm_rg_xqnr0000gn/T/ptx-d7a2_4v6/figure15.pdf
INFO    : converting /var/folders/2r/8zp7c2rs5717hjrm_rg_xqnr0000gn/T/ptx-d7a2_4v6/figure03.asy to /var/folders/2r/8zp7c2rs5717hjrm_rg_xqnr0000gn/T/ptx-d7a2_4v6/figure03.pdf
INFO    : converting /var/folders/2r/8zp7c2rs5717hjrm_rg_xqnr0000gn/T/ptx-d7a2_4v6/figure17.asy to /var/folders/2r/8zp7c2rs5717hjrm_rg_xqnr0000gn/T/ptx-d7a2_4v6/figure17.pdf
INFO    : converting /var/folders/2r/8zp7c2rs5717hjrm_rg_xqnr0000gn/T/ptx-d7a2_4v6/figure16.asy to /var/folders/2r/8zp7c2rs5717hjrm_rg_xqnr0000gn/T/ptx-d7a2_4v6/figure16.pdf
INFO    : converting /var/folders/2r/8zp7c2rs5717hjrm_rg_xqnr0000gn/T/ptx-d7a2_4v6/figure02.asy to /var/folders/2r/8zp7c2rs5717hjrm_rg_xqnr0000gn/T/ptx-d7a2_4v6/figure02.pdf
INFO    : converting /var/folders/2r/8zp7c2rs5717hjrm_rg_xqnr0000gn/T/ptx-d7a2_4v6/figure59.asy to /var/folders/2r/8zp7c2rs5717hjrm_rg_xqnr0000gn/T/ptx-d7a2_4v6/figure59.pdf
INFO    : converting /var/folders/2r/8zp7c2rs5717hjrm_rg_xqnr0000gn/T/ptx-d7a2_4v6/figure65.asy to /var/folders/2r/8zp7c2rs5717hjrm_rg_xqnr0000gn/T/ptx-d7a2_4v6/figure65.pdf
INFO    : converting /var/folders/2r/8zp7c2rs5717hjrm_rg_xqnr0000gn/T/ptx-d7a2_4v6/figure64.asy to /var/folders/2r/8zp7c2rs5717hjrm_rg_xqnr0000gn/T/ptx-d7a2_4v6/figure64.pdf
INFO    : converting /var/folders/2r/8zp7c2rs5717hjrm_rg_xqnr0000gn/T/ptx-d7a2_4v6/figure58.asy to /var/folders/2r/8zp7c2rs5717hjrm_rg_xqnr0000gn/T/ptx-d7a2_4v6/figure58.pdf
INFO    : converting /var/folders/2r/8zp7c2rs5717hjrm_rg_xqnr0000gn/T/ptx-d7a2_4v6/figure66.asy to /var/folders/2r/8zp7c2rs5717hjrm_rg_xqnr0000gn/T/ptx-d7a2_4v6/figure66.pdf
INFO    : converting /var/folders/2r/8zp7c2rs5717hjrm_rg_xqnr0000gn/T/ptx-d7a2_4v6/figure63.asy to /var/folders/2r/8zp7c2rs5717hjrm_rg_xqnr0000gn/T/ptx-d7a2_4v6/figure63.pdf
INFO    : converting /var/folders/2r/8zp7c2rs5717hjrm_rg_xqnr0000gn/T/ptx-d7a2_4v6/figure62.asy to /var/folders/2r/8zp7c2rs5717hjrm_rg_xqnr0000gn/T/ptx-d7a2_4v6/figure62.pdf
INFO    : converting /var/folders/2r/8zp7c2rs5717hjrm_rg_xqnr0000gn/T/ptx-d7a2_4v6/figure60.asy to /var/folders/2r/8zp7c2rs5717hjrm_rg_xqnr0000gn/T/ptx-d7a2_4v6/figure60.pdf
INFO    : converting /var/folders/2r/8zp7c2rs5717hjrm_rg_xqnr0000gn/T/ptx-d7a2_4v6/figure48.asy to /var/folders/2r/8zp7c2rs5717hjrm_rg_xqnr0000gn/T/ptx-d7a2_4v6/figure48.pdf
INFO    : converting /var/folders/2r/8zp7c2rs5717hjrm_rg_xqnr0000gn/T/ptx-d7a2_4v6/figure49.asy to /var/folders/2r/8zp7c2rs5717hjrm_rg_xqnr0000gn/T/ptx-d7a2_4v6/figure49.pdf
INFO    : converting /var/folders/2r/8zp7c2rs5717hjrm_rg_xqnr0000gn/T/ptx-d7a2_4v6/figure61.asy to /var/folders/2r/8zp7c2rs5717hjrm_rg_xqnr0000gn/T/ptx-d7a2_4v6/figure61.pdf
INFO    : Removing temporary directory /var/folders/2r/8zp7c2rs5717hjrm_rg_xqnr0000gn/T/ptx-d7a2_4v6
INFO    : Preparing to build into /Users/rkooistra/hub/des/output/print.
INFO    : discovering source file's directory name: /Users/rkooistra/hub/des/source
INFO    : verifying and expanding input directory: /Users/rkooistra/hub/des/source/../generated-assets
INFO    : input directory expanded to absolute path: /Users/rkooistra/hub/des/generated-assets
INFO    : verifying and expanding input directory: /Users/rkooistra/hub/des/source/../assets
INFO    : input directory expanded to absolute path: /Users/rkooistra/hub/des/assets
INFO    : converting /Users/rkooistra/hub/des/source/main.ptx to LaTeX as /var/folders/2r/8zp7c2rs5717hjrm_rg_xqnr0000gn/T/ptx-dnbd7mc6/main.tex
INFO    : XSL conversion of /Users/rkooistra/hub/des/source/main.ptx by /Users/rkooistra/.ptx/2.6.2/core/xsl/pretext-latex.xsl
INFO    : successful application of /Users/rkooistra/.ptx/2.6.2/core/xsl/pretext-latex.xsl
INFO    : 
Success! Run `pretext view` to see the results.

INFO    : 
