INFO    : PreTeXt-CLI version: 2.6.2

INFO    : PreTeXt project found in `/Users/Remkes/hub/des`.
WARNING : Using CLI version 2.6.2 but project's `requirements.txt`
WARNING : is configured to use 1.5.3. Consider either installing
WARNING : CLI version 1.5.3 or running `pretext init --refresh`
WARNING : to update `requirements.txt` to match 2.6.2.
INFO    : Building target web
INFO    : converting Asymptote diagrams from /Users/Remkes/hub/des/source/main.ptx to HTML graphics for placement in /Users/Remkes/hub/des/generated-assets/asymptote with method "AsyMethod.SERVER"
INFO    : extracting Asymptote diagrams from /Users/Remkes/hub/des/source/main.ptx
INFO    : string parameters passed to extraction stylesheet: {'publisher': '/Users/Remkes/hub/des/publication/publication.ptx'}
INFO    : XSL conversion of /Users/Remkes/hub/des/source/main.ptx by /Users/Remkes/.ptx/2.6.2/core/xsl/extract-asymptote.xsl
INFO    : successful application of /Users/Remkes/.ptx/2.6.2/core/xsl/extract-asymptote.xsl
INFO    : converting /var/folders/jc/w52bd03s3bl465rw1mxbtk9r0000gr/T/ptx-n8gvnmy4/figure44.asy to /var/folders/jc/w52bd03s3bl465rw1mxbtk9r0000gr/T/ptx-n8gvnmy4/figure44.html
INFO    : converting /var/folders/jc/w52bd03s3bl465rw1mxbtk9r0000gr/T/ptx-n8gvnmy4/figure50.asy to /var/folders/jc/w52bd03s3bl465rw1mxbtk9r0000gr/T/ptx-n8gvnmy4/figure50.html
INFO    : converting /var/folders/jc/w52bd03s3bl465rw1mxbtk9r0000gr/T/ptx-n8gvnmy4/figure51.asy to /var/folders/jc/w52bd03s3bl465rw1mxbtk9r0000gr/T/ptx-n8gvnmy4/figure51.html
INFO    : converting /var/folders/jc/w52bd03s3bl465rw1mxbtk9r0000gr/T/ptx-n8gvnmy4/figure53.asy to /var/folders/jc/w52bd03s3bl465rw1mxbtk9r0000gr/T/ptx-n8gvnmy4/figure53.html
INFO    : converting /var/folders/jc/w52bd03s3bl465rw1mxbtk9r0000gr/T/ptx-n8gvnmy4/figure47.asy to /var/folders/jc/w52bd03s3bl465rw1mxbtk9r0000gr/T/ptx-n8gvnmy4/figure47.html
INFO    : converting /var/folders/jc/w52bd03s3bl465rw1mxbtk9r0000gr/T/ptx-n8gvnmy4/figure46.asy to /var/folders/jc/w52bd03s3bl465rw1mxbtk9r0000gr/T/ptx-n8gvnmy4/figure46.html
INFO    : converting /var/folders/jc/w52bd03s3bl465rw1mxbtk9r0000gr/T/ptx-n8gvnmy4/figure52.asy to /var/folders/jc/w52bd03s3bl465rw1mxbtk9r0000gr/T/ptx-n8gvnmy4/figure52.html
INFO    : converting /var/folders/jc/w52bd03s3bl465rw1mxbtk9r0000gr/T/ptx-n8gvnmy4/figure56.asy to /var/folders/jc/w52bd03s3bl465rw1mxbtk9r0000gr/T/ptx-n8gvnmy4/figure56.html
INFO    : converting /var/folders/jc/w52bd03s3bl465rw1mxbtk9r0000gr/T/ptx-n8gvnmy4/figure42.asy to /var/folders/jc/w52bd03s3bl465rw1mxbtk9r0000gr/T/ptx-n8gvnmy4/figure42.html
INFO    : converting /var/folders/jc/w52bd03s3bl465rw1mxbtk9r0000gr/T/ptx-n8gvnmy4/figure43.asy to /var/folders/jc/w52bd03s3bl465rw1mxbtk9r0000gr/T/ptx-n8gvnmy4/figure43.html
INFO    : converting /var/folders/jc/w52bd03s3bl465rw1mxbtk9r0000gr/T/ptx-n8gvnmy4/figure57.asy to /var/folders/jc/w52bd03s3bl465rw1mxbtk9r0000gr/T/ptx-n8gvnmy4/figure57.html
INFO    : converting /var/folders/jc/w52bd03s3bl465rw1mxbtk9r0000gr/T/ptx-n8gvnmy4/figure41.asy to /var/folders/jc/w52bd03s3bl465rw1mxbtk9r0000gr/T/ptx-n8gvnmy4/figure41.html
INFO    : converting /var/folders/jc/w52bd03s3bl465rw1mxbtk9r0000gr/T/ptx-n8gvnmy4/figure55.asy to /var/folders/jc/w52bd03s3bl465rw1mxbtk9r0000gr/T/ptx-n8gvnmy4/figure55.html
INFO    : converting /var/folders/jc/w52bd03s3bl465rw1mxbtk9r0000gr/T/ptx-n8gvnmy4/figure54.asy to /var/folders/jc/w52bd03s3bl465rw1mxbtk9r0000gr/T/ptx-n8gvnmy4/figure54.html
INFO    : converting /var/folders/jc/w52bd03s3bl465rw1mxbtk9r0000gr/T/ptx-n8gvnmy4/figure40.asy to /var/folders/jc/w52bd03s3bl465rw1mxbtk9r0000gr/T/ptx-n8gvnmy4/figure40.html
INFO    : converting /var/folders/jc/w52bd03s3bl465rw1mxbtk9r0000gr/T/ptx-n8gvnmy4/figure27.asy to /var/folders/jc/w52bd03s3bl465rw1mxbtk9r0000gr/T/ptx-n8gvnmy4/figure27.html
INFO    : converting /var/folders/jc/w52bd03s3bl465rw1mxbtk9r0000gr/T/ptx-n8gvnmy4/figure33.asy to /var/folders/jc/w52bd03s3bl465rw1mxbtk9r0000gr/T/ptx-n8gvnmy4/figure33.html
INFO    : converting /var/folders/jc/w52bd03s3bl465rw1mxbtk9r0000gr/T/ptx-n8gvnmy4/figure32.asy to /var/folders/jc/w52bd03s3bl465rw1mxbtk9r0000gr/T/ptx-n8gvnmy4/figure32.html
INFO    : converting /var/folders/jc/w52bd03s3bl465rw1mxbtk9r0000gr/T/ptx-n8gvnmy4/figure26.asy to /var/folders/jc/w52bd03s3bl465rw1mxbtk9r0000gr/T/ptx-n8gvnmy4/figure26.html
INFO    : converting /var/folders/jc/w52bd03s3bl465rw1mxbtk9r0000gr/T/ptx-n8gvnmy4/figure18.asy to /var/folders/jc/w52bd03s3bl465rw1mxbtk9r0000gr/T/ptx-n8gvnmy4/figure18.html
INFO    : converting /var/folders/jc/w52bd03s3bl465rw1mxbtk9r0000gr/T/ptx-n8gvnmy4/figure30.asy to /var/folders/jc/w52bd03s3bl465rw1mxbtk9r0000gr/T/ptx-n8gvnmy4/figure30.html
INFO    : converting /var/folders/jc/w52bd03s3bl465rw1mxbtk9r0000gr/T/ptx-n8gvnmy4/figure24.asy to /var/folders/jc/w52bd03s3bl465rw1mxbtk9r0000gr/T/ptx-n8gvnmy4/figure24.html
INFO    : converting /var/folders/jc/w52bd03s3bl465rw1mxbtk9r0000gr/T/ptx-n8gvnmy4/figure25.asy to /var/folders/jc/w52bd03s3bl465rw1mxbtk9r0000gr/T/ptx-n8gvnmy4/figure25.html
INFO    : converting /var/folders/jc/w52bd03s3bl465rw1mxbtk9r0000gr/T/ptx-n8gvnmy4/figure31.asy to /var/folders/jc/w52bd03s3bl465rw1mxbtk9r0000gr/T/ptx-n8gvnmy4/figure31.html
INFO    : converting /var/folders/jc/w52bd03s3bl465rw1mxbtk9r0000gr/T/ptx-n8gvnmy4/figure19.asy to /var/folders/jc/w52bd03s3bl465rw1mxbtk9r0000gr/T/ptx-n8gvnmy4/figure19.html
INFO    : converting /var/folders/jc/w52bd03s3bl465rw1mxbtk9r0000gr/T/ptx-n8gvnmy4/figure35.asy to /var/folders/jc/w52bd03s3bl465rw1mxbtk9r0000gr/T/ptx-n8gvnmy4/figure35.html
INFO    : converting /var/folders/jc/w52bd03s3bl465rw1mxbtk9r0000gr/T/ptx-n8gvnmy4/figure21.asy to /var/folders/jc/w52bd03s3bl465rw1mxbtk9r0000gr/T/ptx-n8gvnmy4/figure21.html
INFO    : converting /var/folders/jc/w52bd03s3bl465rw1mxbtk9r0000gr/T/ptx-n8gvnmy4/figure09.asy to /var/folders/jc/w52bd03s3bl465rw1mxbtk9r0000gr/T/ptx-n8gvnmy4/figure09.html
INFO    : converting /var/folders/jc/w52bd03s3bl465rw1mxbtk9r0000gr/T/ptx-n8gvnmy4/figure08.asy to /var/folders/jc/w52bd03s3bl465rw1mxbtk9r0000gr/T/ptx-n8gvnmy4/figure08.html
INFO    : converting /var/folders/jc/w52bd03s3bl465rw1mxbtk9r0000gr/T/ptx-n8gvnmy4/figure20.asy to /var/folders/jc/w52bd03s3bl465rw1mxbtk9r0000gr/T/ptx-n8gvnmy4/figure20.html
INFO    : converting /var/folders/jc/w52bd03s3bl465rw1mxbtk9r0000gr/T/ptx-n8gvnmy4/figure34.asy to /var/folders/jc/w52bd03s3bl465rw1mxbtk9r0000gr/T/ptx-n8gvnmy4/figure34.html
INFO    : converting /var/folders/jc/w52bd03s3bl465rw1mxbtk9r0000gr/T/ptx-n8gvnmy4/figure22.asy to /var/folders/jc/w52bd03s3bl465rw1mxbtk9r0000gr/T/ptx-n8gvnmy4/figure22.html
INFO    : converting /var/folders/jc/w52bd03s3bl465rw1mxbtk9r0000gr/T/ptx-n8gvnmy4/figure36.asy to /var/folders/jc/w52bd03s3bl465rw1mxbtk9r0000gr/T/ptx-n8gvnmy4/figure36.html
INFO    : converting /var/folders/jc/w52bd03s3bl465rw1mxbtk9r0000gr/T/ptx-n8gvnmy4/figure37.asy to /var/folders/jc/w52bd03s3bl465rw1mxbtk9r0000gr/T/ptx-n8gvnmy4/figure37.html
INFO    : converting /var/folders/jc/w52bd03s3bl465rw1mxbtk9r0000gr/T/ptx-n8gvnmy4/figure23.asy to /var/folders/jc/w52bd03s3bl465rw1mxbtk9r0000gr/T/ptx-n8gvnmy4/figure23.html
INFO    : converting /var/folders/jc/w52bd03s3bl465rw1mxbtk9r0000gr/T/ptx-n8gvnmy4/figure06.asy to /var/folders/jc/w52bd03s3bl465rw1mxbtk9r0000gr/T/ptx-n8gvnmy4/figure06.html
INFO    : converting /var/folders/jc/w52bd03s3bl465rw1mxbtk9r0000gr/T/ptx-n8gvnmy4/figure12.asy to /var/folders/jc/w52bd03s3bl465rw1mxbtk9r0000gr/T/ptx-n8gvnmy4/figure12.html
INFO    : converting /var/folders/jc/w52bd03s3bl465rw1mxbtk9r0000gr/T/ptx-n8gvnmy4/figure13.asy to /var/folders/jc/w52bd03s3bl465rw1mxbtk9r0000gr/T/ptx-n8gvnmy4/figure13.html
INFO    : converting /var/folders/jc/w52bd03s3bl465rw1mxbtk9r0000gr/T/ptx-n8gvnmy4/figure07.asy to /var/folders/jc/w52bd03s3bl465rw1mxbtk9r0000gr/T/ptx-n8gvnmy4/figure07.html
INFO    : converting /var/folders/jc/w52bd03s3bl465rw1mxbtk9r0000gr/T/ptx-n8gvnmy4/figure39.asy to /var/folders/jc/w52bd03s3bl465rw1mxbtk9r0000gr/T/ptx-n8gvnmy4/figure39.html
INFO    : converting /var/folders/jc/w52bd03s3bl465rw1mxbtk9r0000gr/T/ptx-n8gvnmy4/figure11.asy to /var/folders/jc/w52bd03s3bl465rw1mxbtk9r0000gr/T/ptx-n8gvnmy4/figure11.html
INFO    : converting /var/folders/jc/w52bd03s3bl465rw1mxbtk9r0000gr/T/ptx-n8gvnmy4/figure05.asy to /var/folders/jc/w52bd03s3bl465rw1mxbtk9r0000gr/T/ptx-n8gvnmy4/figure05.html
INFO    : converting /var/folders/jc/w52bd03s3bl465rw1mxbtk9r0000gr/T/ptx-n8gvnmy4/figure04.asy to /var/folders/jc/w52bd03s3bl465rw1mxbtk9r0000gr/T/ptx-n8gvnmy4/figure04.html
INFO    : converting /var/folders/jc/w52bd03s3bl465rw1mxbtk9r0000gr/T/ptx-n8gvnmy4/figure10.asy to /var/folders/jc/w52bd03s3bl465rw1mxbtk9r0000gr/T/ptx-n8gvnmy4/figure10.html
INFO    : converting /var/folders/jc/w52bd03s3bl465rw1mxbtk9r0000gr/T/ptx-n8gvnmy4/figure38.asy to /var/folders/jc/w52bd03s3bl465rw1mxbtk9r0000gr/T/ptx-n8gvnmy4/figure38.html
INFO    : converting /var/folders/jc/w52bd03s3bl465rw1mxbtk9r0000gr/T/ptx-n8gvnmy4/figure14.asy to /var/folders/jc/w52bd03s3bl465rw1mxbtk9r0000gr/T/ptx-n8gvnmy4/figure14.html
INFO    : converting /var/folders/jc/w52bd03s3bl465rw1mxbtk9r0000gr/T/ptx-n8gvnmy4/figure29.asy to /var/folders/jc/w52bd03s3bl465rw1mxbtk9r0000gr/T/ptx-n8gvnmy4/figure29.html
INFO    : converting /var/folders/jc/w52bd03s3bl465rw1mxbtk9r0000gr/T/ptx-n8gvnmy4/figure01.asy to /var/folders/jc/w52bd03s3bl465rw1mxbtk9r0000gr/T/ptx-n8gvnmy4/figure01.html
INFO    : converting /var/folders/jc/w52bd03s3bl465rw1mxbtk9r0000gr/T/ptx-n8gvnmy4/figure15.asy to /var/folders/jc/w52bd03s3bl465rw1mxbtk9r0000gr/T/ptx-n8gvnmy4/figure15.html
INFO    : converting /var/folders/jc/w52bd03s3bl465rw1mxbtk9r0000gr/T/ptx-n8gvnmy4/figure03.asy to /var/folders/jc/w52bd03s3bl465rw1mxbtk9r0000gr/T/ptx-n8gvnmy4/figure03.html
INFO    : converting /var/folders/jc/w52bd03s3bl465rw1mxbtk9r0000gr/T/ptx-n8gvnmy4/figure17.asy to /var/folders/jc/w52bd03s3bl465rw1mxbtk9r0000gr/T/ptx-n8gvnmy4/figure17.html
INFO    : converting /var/folders/jc/w52bd03s3bl465rw1mxbtk9r0000gr/T/ptx-n8gvnmy4/figure16.asy to /var/folders/jc/w52bd03s3bl465rw1mxbtk9r0000gr/T/ptx-n8gvnmy4/figure16.html
INFO    : converting /var/folders/jc/w52bd03s3bl465rw1mxbtk9r0000gr/T/ptx-n8gvnmy4/figure02.asy to /var/folders/jc/w52bd03s3bl465rw1mxbtk9r0000gr/T/ptx-n8gvnmy4/figure02.html
INFO    : converting /var/folders/jc/w52bd03s3bl465rw1mxbtk9r0000gr/T/ptx-n8gvnmy4/figure59.asy to /var/folders/jc/w52bd03s3bl465rw1mxbtk9r0000gr/T/ptx-n8gvnmy4/figure59.html
INFO    : converting /var/folders/jc/w52bd03s3bl465rw1mxbtk9r0000gr/T/ptx-n8gvnmy4/figure65.asy to /var/folders/jc/w52bd03s3bl465rw1mxbtk9r0000gr/T/ptx-n8gvnmy4/figure65.html
INFO    : converting /var/folders/jc/w52bd03s3bl465rw1mxbtk9r0000gr/T/ptx-n8gvnmy4/figure64.asy to /var/folders/jc/w52bd03s3bl465rw1mxbtk9r0000gr/T/ptx-n8gvnmy4/figure64.html
INFO    : converting /var/folders/jc/w52bd03s3bl465rw1mxbtk9r0000gr/T/ptx-n8gvnmy4/figure58.asy to /var/folders/jc/w52bd03s3bl465rw1mxbtk9r0000gr/T/ptx-n8gvnmy4/figure58.html
INFO    : converting /var/folders/jc/w52bd03s3bl465rw1mxbtk9r0000gr/T/ptx-n8gvnmy4/figure66.asy to /var/folders/jc/w52bd03s3bl465rw1mxbtk9r0000gr/T/ptx-n8gvnmy4/figure66.html
INFO    : converting /var/folders/jc/w52bd03s3bl465rw1mxbtk9r0000gr/T/ptx-n8gvnmy4/figure63.asy to /var/folders/jc/w52bd03s3bl465rw1mxbtk9r0000gr/T/ptx-n8gvnmy4/figure63.html
INFO    : converting /var/folders/jc/w52bd03s3bl465rw1mxbtk9r0000gr/T/ptx-n8gvnmy4/figure62.asy to /var/folders/jc/w52bd03s3bl465rw1mxbtk9r0000gr/T/ptx-n8gvnmy4/figure62.html
INFO    : converting /var/folders/jc/w52bd03s3bl465rw1mxbtk9r0000gr/T/ptx-n8gvnmy4/figure60.asy to /var/folders/jc/w52bd03s3bl465rw1mxbtk9r0000gr/T/ptx-n8gvnmy4/figure60.html
INFO    : converting /var/folders/jc/w52bd03s3bl465rw1mxbtk9r0000gr/T/ptx-n8gvnmy4/figure48.asy to /var/folders/jc/w52bd03s3bl465rw1mxbtk9r0000gr/T/ptx-n8gvnmy4/figure48.html
INFO    : converting /var/folders/jc/w52bd03s3bl465rw1mxbtk9r0000gr/T/ptx-n8gvnmy4/figure49.asy to /var/folders/jc/w52bd03s3bl465rw1mxbtk9r0000gr/T/ptx-n8gvnmy4/figure49.html
INFO    : converting /var/folders/jc/w52bd03s3bl465rw1mxbtk9r0000gr/T/ptx-n8gvnmy4/figure61.asy to /var/folders/jc/w52bd03s3bl465rw1mxbtk9r0000gr/T/ptx-n8gvnmy4/figure61.html
INFO    : Removing temporary directory /var/folders/jc/w52bd03s3bl465rw1mxbtk9r0000gr/T/ptx-n8gvnmy4
INFO    : Preparing to build into /Users/Remkes/hub/des/output/web.
INFO    : discovering source file's directory name: /Users/Remkes/hub/des/source
INFO    : verifying and expanding input directory: /Users/Remkes/hub/des/source/../generated-assets
INFO    : input directory expanded to absolute path: /Users/Remkes/hub/des/generated-assets
INFO    : verifying and expanding input directory: /Users/Remkes/hub/des/source/../assets
INFO    : input directory expanded to absolute path: /Users/Remkes/hub/des/assets
INFO    : Runestone Services (via PreTeXt repository): version 7.3.3
INFO    : Runestone Services (using newer, via online CDN query): version 7.3.6
INFO    : Downloading Runestone Services, version 7.3.6
INFO    : Extracting Runestone Services from archive file
INFO    : converting /Users/Remkes/hub/des/source/main.ptx to HTML in /var/folders/jc/w52bd03s3bl465rw1mxbtk9r0000gr/T/ptx-v3n6hqun
INFO    : XSL conversion of /Users/Remkes/hub/des/source/main.ptx by /Users/Remkes/.ptx/2.6.2/core/xsl/pretext-html.xsl
INFO    : successful application of /Users/Remkes/.ptx/2.6.2/core/xsl/pretext-html.xsl
INFO    : 
Success! Run `pretext view` to see the results.

INFO    : 
