INFO    : PreTeXt-CLI version: 2.6.2

INFO    : PreTeXt project found in `/Users/Remkes/hub/des`.
WARNING : Using CLI version 2.6.2 but project's `requirements.txt`
WARNING : is configured to use 1.5.3. Consider either installing
WARNING : CLI version 1.5.3 or running `pretext init --refresh`
WARNING : to update `requirements.txt` to match 2.6.2.
INFO    : Building target web
INFO    : Preparing to build into /Users/Remkes/hub/des/output/web.
INFO    : discovering source file's directory name: /Users/Remkes/hub/des/source
INFO    : verifying and expanding input directory: /Users/Remkes/hub/des/source/../generated-assets
INFO    : input directory expanded to absolute path: /Users/Remkes/hub/des/generated-assets
INFO    : verifying and expanding input directory: /Users/Remkes/hub/des/source/../assets
INFO    : input directory expanded to absolute path: /Users/Remkes/hub/des/assets
INFO    : Runestone Services (via PreTeXt repository): version 7.3.3
INFO    : Runestone Services (using newer, via online CDN query): version 7.3.6
INFO    : Using existing Runestone Services located in /Users/Remkes/hub/des/output/web/_static. Delete Runestone files there to force a fresh download.
INFO    : converting /Users/Remkes/hub/des/source/main.ptx to HTML in /var/folders/jc/w52bd03s3bl465rw1mxbtk9r0000gr/T/ptx-e7x2ubd_
INFO    : XSL conversion of /Users/Remkes/hub/des/source/main.ptx by /Users/Remkes/.ptx/2.6.2/core/xsl/pretext-html.xsl
INFO    : successful application of /Users/Remkes/.ptx/2.6.2/core/xsl/pretext-html.xsl
INFO    : 
Success! Run `pretext view` to see the results.

INFO    : 
