INFO    : PreTeXt-CLI version: 2.6.2

INFO    : PreTeXt project found in `/Users/rkooistra/hub/des`.
INFO    : Building target web
INFO    : converting Asymptote diagrams from /Users/rkooistra/hub/des/source/main.ptx to HTML graphics for placement in /Users/rkooistra/hub/des/generated-assets/asymptote with method "AsyMethod.SERVER"
INFO    : extracting Asymptote diagrams from /Users/rkooistra/hub/des/source/main.ptx
INFO    : string parameters passed to extraction stylesheet: {'publisher': '/Users/rkooistra/hub/des/publication/publication.ptx', 'subtree': 'figure14'}
INFO    : XSL conversion of /Users/rkooistra/hub/des/source/main.ptx by /Users/rkooistra/.ptx/2.6.2/core/xsl/extract-asymptote.xsl
INFO    : successful application of /Users/rkooistra/.ptx/2.6.2/core/xsl/extract-asymptote.xsl
INFO    : converting /var/folders/2r/8zp7c2rs5717hjrm_rg_xqnr0000gn/T/ptx-isq1z8kw/figure14.asy to /var/folders/2r/8zp7c2rs5717hjrm_rg_xqnr0000gn/T/ptx-isq1z8kw/figure14.html
INFO    : Removing temporary directory /var/folders/2r/8zp7c2rs5717hjrm_rg_xqnr0000gn/T/ptx-isq1z8kw
INFO    : Preparing to build into /Users/rkooistra/hub/des/output/web.
INFO    : discovering source file's directory name: /Users/rkooistra/hub/des/source
INFO    : verifying and expanding input directory: /Users/rkooistra/hub/des/source/../generated-assets
INFO    : input directory expanded to absolute path: /Users/rkooistra/hub/des/generated-assets
INFO    : verifying and expanding input directory: /Users/rkooistra/hub/des/source/../assets
INFO    : input directory expanded to absolute path: /Users/rkooistra/hub/des/assets
INFO    : Runestone Services (via PreTeXt repository): version 7.3.3
INFO    : Runestone Services (using newer, via online CDN query): version 7.4.0
INFO    : Downloading Runestone Services, version 7.4.0
INFO    : Extracting Runestone Services from archive file
INFO    : converting /Users/rkooistra/hub/des/source/main.ptx to HTML in /var/folders/2r/8zp7c2rs5717hjrm_rg_xqnr0000gn/T/ptx-byjfwbmy
INFO    : XSL conversion of /Users/rkooistra/hub/des/source/main.ptx by /Users/rkooistra/.ptx/2.6.2/core/xsl/pretext-html.xsl
INFO    : successful application of /Users/rkooistra/.ptx/2.6.2/core/xsl/pretext-html.xsl
INFO    : 
Success! Run `pretext view` to see the results.

INFO    : 
